#
# A fatal error has been detected by the Java Runtime Environment:
#
#  SIGSEGV (0xb) at pc=0x00007f089ac81720, pid=7990, tid=139674187114240
#
# JRE version: Java(TM) SE Runtime Environment (8.0_60-b27) (build 1.8.0_60-b27)
# Java VM: Java HotSpot(TM) 64-Bit Server VM (25.60-b23 mixed mode linux-amd64 compressed oops)
# Problematic frame:
# V  [libjvm.so+0x8a5720]  Method::checked_resolve_jmethod_id(_jmethodID*)+0x20
#
# Failed to write core dump. Core dumps have been disabled. To enable core dumping, try "ulimit -c unlimited" before starting Java again
#
# If you would like to submit a bug report, please visit:
#   http://bugreport.java.com/bugreport/crash.jsp
#

---------------  T H R E A D  ---------------

Current thread (0x00007f08940c5000):  JavaThread "JDWP Transport Listener: dt_socket" daemon [_thread_in_vm, id=8008, stack(0x00007f086e3ea000,0x00007f086e4eb000)]

siginfo: si_signo: 11 (SIGSEGV), si_code: 128 (SI_KERNEL), si_addr: 0x0000000000000000

Registers:
RAX=0x0000000000000001, RBX=0x00007f0894003c00, RCX=0x00007f089bdae320, RDX=0x00007f089b38b320
RSP=0x00007f086e4e9710, RBP=0x00007f086e4e9720, RSI=0x00007f08940c5000, RDI=0x707474482f6c6974
R8 =0x0000000000000000, R9 =0x00007f085c009720, R10=0x0000000000000040, R11=0x00007f089b53dc70
R12=0x0000000000000017, R13=0x707474482f6c6974, R14=0x00007f08940c5000, R15=0x00007f086e4e9827
RIP=0x00007f089ac81720, EFLAGS=0x0000000000010206, CSGSFS=0x0000000000000033, ERR=0x0000000000000000
  TRAPNO=0x000000000000000d

Top of Stack: (sp=0x00007f086e4e9710)
0x00007f086e4e9710:   0000000000000074 00007f0894003c00
0x00007f086e4e9720:   00007f086e4e9790 00007f089ab121fe
0x00007f086e4e9730:   0000000000000073 00007f086e4e9740
0x00007f086e4e9740:   00007f08940c5000 0000000000000000
0x00007f086e4e9750:   00007f0800000000 0000000000000000
0x00007f086e4e9760:   00007f086e4e97a0 00007f0899a92e40
0x00007f086e4e9770:   707474482f6c6974 00007f086e4e9827
0x00007f086e4e9780:   0000000000000003 00007f086e4e9827
0x00007f086e4e9790:   00007f086e4e97c0 00007f089987e8c2
0x00007f086e4e97a0:   00007f086e4e97c0 707474482f6c6974
0x00007f086e4e97b0:   00007f086e4e9890 0000000000000018
0x00007f086e4e97c0:   00007f086e4e9850 00007f089985faa0
0x00007f086e4e97d0:   00007f086e4e9808 00007f086e4e9800
0x00007f086e4e97e0:   00007f086e4e97f8 00007f086e4e981c
0x00007f086e4e97f0:   000000015c0077f0 0000000000000000
0x00007f086e4e9800:   0000000000000000 0000000000000000
0x00007f086e4e9810:   00007f085c06b3a0 000000026e4e9890
0x00007f086e4e9820:   0000000000000004 0000000000000002
0x00007f086e4e9830:   000000000000000f 0000000000000002
0x00007f086e4e9840:   00000000000f0200 000000000000000f
0x00007f086e4e9850:   00007f086e4e9aa0 00007f089986a9c6
0x00007f086e4e9860:   0000447200000013 00007f089a0f0200
0x00007f086e4e9870:   00007f0854000fb0 0000000000000000
0x00007f086e4e9880:   00007f086e4e9890 00007f086e4e9a20
0x00007f086e4e9890:   00007f085c009772 00007f0800000256
0x00007f086e4e98a0:   00007f085c032ff0 000000000000012c
0x00007f086e4e98b0:   00007f086e4e98e0 00007f085c032ff0
0x00007f086e4e98c0:   00007f0000000000 000044720000001c
0x00007f086e4e98d0:   00007f0800009a80 00007f086e4e98e0
0x00007f086e4e98e0:   087f000004000000 07000000f863015c
0x00007f086e4e98f0:   0065747563657865 67726f4c28450000
0x00007f086e4e9900:   2f6568636170612f 696c632f70747468 

Instructions: (pc=0x00007f089ac81720)
0x00007f089ac81700:   55 48 89 e5 53 48 83 ec 08 48 85 ff 75 12 31 db
0x00007f089ac81710:   48 89 d8 48 83 c4 08 5b c9 c3 66 0f 1f 44 00 00
0x00007f089ac81720:   48 8b 1f 48 85 db 74 e6 48 83 fb 37 74 e0 48 8b
0x00007f089ac81730:   03 48 89 df ff 50 10 84 c0 0f 1f 80 00 00 00 00 

Register to memory mapping:

RAX=0x0000000000000001 is an unknown value
RBX=0x00007f0894003c00 is an unknown value
RCX=0x00007f089bdae320: <offset 0x219320> in /lib/x86_64-linux-gnu/libpthread.so.0 at 0x00007f089bb95000
RDX=0x00007f089b38b320: <offset 0xfaf320> in /usr/lib/jvm/java-8-oracle/jre/lib/amd64/server/libjvm.so at 0x00007f089a3dc000
RSP=0x00007f086e4e9710 is pointing into the stack for thread: 0x00007f08940c5000
RBP=0x00007f086e4e9720 is pointing into the stack for thread: 0x00007f08940c5000
RSI=0x00007f08940c5000 is a thread
RDI=0x707474482f6c6974 is an unknown value
R8 =0x0000000000000000 is an unknown value
R9 =0x00007f085c009720 is an unknown value
R10=0x0000000000000040 is an unknown value
R11=0x00007f089b53dc70: <offset 0x187c70> in /lib/x86_64-linux-gnu/libc.so.6 at 0x00007f089b3b6000
R12=0x0000000000000017 is an unknown value
R13=0x707474482f6c6974 is an unknown value
R14=0x00007f08940c5000 is a thread
R15=0x00007f086e4e9827 is pointing into the stack for thread: 0x00007f08940c5000


Stack: [0x00007f086e3ea000,0x00007f086e4eb000],  sp=0x00007f086e4e9710,  free space=1021k
Native frames: (J=compiled Java code, j=interpreted, Vv=VM code, C=native code)
V  [libjvm.so+0x8a5720]  Method::checked_resolve_jmethod_id(_jmethodID*)+0x20
V  [libjvm.so+0x7361fe]  jvmti_IsMethodSynthetic+0x2be
C  [libjdwp.so+0x258c2]  isMethodSynthetic+0x42
C  [libjdwp.so+0x6aa0]  methods1+0x1b0
C  [libjdwp.so+0x119c6]  debugLoop_run+0x2b6
C  [libjdwp.so+0x247ff]  attachThread+0x2f
V  [libjvm.so+0x7a2982]  JvmtiAgentThread::call_start_function()+0xc2
V  [libjvm.so+0xa68f3f]  JavaThread::thread_main_inner()+0xdf
V  [libjvm.so+0xa6906c]  JavaThread::run()+0x11c
V  [libjvm.so+0x91cb88]  java_start(Thread*)+0x108
C  [libpthread.so.0+0x8182]  start_thread+0xc2


---------------  P R O C E S S  ---------------

Java Threads: ( => current thread )
  0x00007f089400c800 JavaThread "DestroyJavaVM" [_thread_blocked, id=7992, stack(0x00007f089beb6000,0x00007f089bfb7000)]
  0x00007f083c011000 JavaThread "I/O dispatcher 4" [_thread_in_native, id=8035, stack(0x00007f086cd25000,0x00007f086ce26000)]
  0x00007f083c006000 JavaThread "I/O dispatcher 3" [_thread_in_native, id=8034, stack(0x00007f086ce26000,0x00007f086cf27000)]
  0x00007f083c005000 JavaThread "I/O dispatcher 2" [_thread_in_native, id=8033, stack(0x00007f086cf27000,0x00007f086d028000)]
  0x00007f083c001800 JavaThread "I/O dispatcher 1" [_thread_in_native, id=8032, stack(0x00007f086d028000,0x00007f086d129000)]
  0x00007f0894390800 JavaThread "pool-1-thread-1" [_thread_in_native, id=8031, stack(0x00007f086d129000,0x00007f086d22a000)]
  0x00007f08940dd000 JavaThread "Service Thread" daemon [_thread_blocked, id=8018, stack(0x00007f086dde4000,0x00007f086dee5000)]
  0x00007f08940cf800 JavaThread "C1 CompilerThread2" daemon [_thread_blocked, id=8017, stack(0x00007f086dee5000,0x00007f086dfe6000)]
  0x00007f08940cd800 JavaThread "C2 CompilerThread1" daemon [_thread_blocked, id=8016, stack(0x00007f086dfe6000,0x00007f086e0e7000)]
  0x00007f08940cb000 JavaThread "C2 CompilerThread0" daemon [_thread_blocked, id=8015, stack(0x00007f086e0e7000,0x00007f086e1e8000)]
  0x00007f085c001000 JavaThread "JDWP Command Reader" daemon [_thread_in_native, id=8012, stack(0x00007f086e1e8000,0x00007f086e2e9000)]
  0x00007f08940c8800 JavaThread "JDWP Event Helper Thread" daemon [_thread_blocked, id=8011, stack(0x00007f086e2e9000,0x00007f086e3ea000)]
=>0x00007f08940c5000 JavaThread "JDWP Transport Listener: dt_socket" daemon [_thread_in_vm, id=8008, stack(0x00007f086e3ea000,0x00007f086e4eb000)]
  0x00007f08940b8800 JavaThread "Signal Dispatcher" daemon [_thread_blocked, id=8006, stack(0x00007f086e6ef000,0x00007f086e7f0000)]
  0x00007f0894081800 JavaThread "Finalizer" daemon [_thread_blocked, id=8004, stack(0x00007f086e7f0000,0x00007f086e8f1000)]
  0x00007f089407f800 JavaThread "Reference Handler" daemon [_thread_blocked, id=8003, stack(0x00007f086e8f1000,0x00007f086e9f2000)]

Other Threads:
  0x00007f089407a800 VMThread [stack: 0x00007f086e9f2000,0x00007f086eaf3000] [id=8002]
  0x00007f08940e0000 WatcherThread [stack: 0x00007f086dce3000,0x00007f086dde4000] [id=8019]

VM state:not at safepoint (normal execution)

VM Mutex/Monitor currently owned by a thread: None

Heap:
 PSYoungGen      total 36864K, used 10294K [0x00000000d6e00000, 0x00000000d9700000, 0x0000000100000000)
  eden space 31744K, 16% used [0x00000000d6e00000,0x00000000d730ddd0,0x00000000d8d00000)
  from space 5120K, 99% used [0x00000000d8d00000,0x00000000d91ffae8,0x00000000d9200000)
  to   space 5120K, 0% used [0x00000000d9200000,0x00000000d9200000,0x00000000d9700000)
 ParOldGen       total 84992K, used 1693K [0x0000000084a00000, 0x0000000089d00000, 0x00000000d6e00000)
  object space 84992K, 1% used [0x0000000084a00000,0x0000000084ba7588,0x0000000089d00000)
 Metaspace       used 12900K, capacity 13158K, committed 13440K, reserved 1060864K
  class space    used 1541K, capacity 1621K, committed 1664K, reserved 1048576K

Card table byte_map: [0x00007f0884c24000,0x00007f0885000000] byte_map_base: 0x00007f08847ff000

Marking Bits: (ParMarkBitMap*) 0x00007f089b38ade0
 Begin Bits: [0x00007f087c250000, 0x00007f087e128000)
 End Bits:   [0x00007f087e128000, 0x00007f0880000000)

Polling page: 0x00007f089bfd2000

CodeCache: size=245760Kb used=3350Kb max_used=3364Kb free=242410Kb
 bounds [0x00007f0885000000, 0x00007f0885350000, 0x00007f0894000000]
 total_blobs=1245 nmethods=857 adapters=310
 compilation: enabled

Compilation events (10 events):
Event: 260,953 Thread 0x00007f08940cf800  932   !   3       org.apache.http.impl.nio.reactor.DefaultConnectingIOReactor::processSessionRequests (207 bytes)
Event: 260,958 Thread 0x00007f08940cf800 nmethod 932 0x00007f0885348010 code [0x00007f08853483e0, 0x00007f088534a048]
Event: 389,093 Thread 0x00007f08940cf800  933       3       org.apache.http.impl.nio.reactor.DefaultConnectingIOReactor::processTimeouts (101 bytes)
Event: 389,094 Thread 0x00007f08940cf800 nmethod 933 0x00007f088526e810 code [0x00007f088526ea00, 0x00007f088526f458]
Event: 394,002 Thread 0x00007f08940cd800  934       4       java.util.HashSet::isEmpty (8 bytes)
Event: 394,003 Thread 0x00007f08940cd800 nmethod 934 0x00007f088513e1d0 code [0x00007f088513e320, 0x00007f088513e3d8]
Event: 549,371 Thread 0x00007f08940cb000  935   !   4       sun.nio.ch.SelectorImpl::processDeregisterQueue (101 bytes)
Event: 549,376 Thread 0x00007f08940cb000 nmethod 935 0x00007f08851f8090 code [0x00007f08851f81e0, 0x00007f08851f84d8]
Event: 608,230 Thread 0x00007f08940cd800  936       4       java.util.concurrent.ConcurrentLinkedQueue::poll (85 bytes)
Event: 608,233 Thread 0x00007f08940cd800 nmethod 936 0x00007f08850fdb50 code [0x00007f08850fdca0, 0x00007f08850fdd98]

GC Heap History (2 events):
Event: 8,487 GC heap before
{Heap before GC invocations=1 (full 0):
 PSYoungGen      total 36864K, used 31744K [0x00000000d6e00000, 0x00000000d9700000, 0x0000000100000000)
  eden space 31744K, 100% used [0x00000000d6e00000,0x00000000d8d00000,0x00000000d8d00000)
  from space 5120K, 0% used [0x00000000d9200000,0x00000000d9200000,0x00000000d9700000)
  to   space 5120K, 0% used [0x00000000d8d00000,0x00000000d8d00000,0x00000000d9200000)
 ParOldGen       total 84992K, used 0K [0x0000000084a00000, 0x0000000089d00000, 0x00000000d6e00000)
  object space 84992K, 0% used [0x0000000084a00000,0x0000000084a00000,0x0000000089d00000)
 Metaspace       used 12263K, capacity 12512K, committed 12672K, reserved 1060864K
  class space    used 1478K, capacity 1556K, committed 1664K, reserved 1048576K
Event: 8,496 GC heap after
Heap after GC invocations=1 (full 0):
 PSYoungGen      total 36864K, used 5118K [0x00000000d6e00000, 0x00000000d9700000, 0x0000000100000000)
  eden space 31744K, 0% used [0x00000000d6e00000,0x00000000d6e00000,0x00000000d8d00000)
  from space 5120K, 99% used [0x00000000d8d00000,0x00000000d91ffae8,0x00000000d9200000)
  to   space 5120K, 0% used [0x00000000d9200000,0x00000000d9200000,0x00000000d9700000)
 ParOldGen       total 84992K, used 1693K [0x0000000084a00000, 0x0000000089d00000, 0x00000000d6e00000)
  object space 84992K, 1% used [0x0000000084a00000,0x0000000084ba7588,0x0000000089d00000)
 Metaspace       used 12263K, capacity 12512K, committed 12672K, reserved 1060864K
  class space    used 1478K, capacity 1556K, committed 1664K, reserved 1048576K
}

Deoptimization events (10 events):
Event: 5,763 Thread 0x00007f0894390800 Uncommon trap: reason=bimorphic action=maybe_recompile pc=0x00007f088516ae30 method=java.util.HashMap.getNode(ILjava/lang/Object;)Ljava/util/HashMap$Node; @ 126
Event: 5,775 Thread 0x00007f0894390800 Uncommon trap: reason=bimorphic action=maybe_recompile pc=0x00007f088516ae30 method=java.util.HashMap.getNode(ILjava/lang/Object;)Ljava/util/HashMap$Node; @ 126
Event: 5,776 Thread 0x00007f0894390800 Uncommon trap: reason=bimorphic action=maybe_recompile pc=0x00007f088516dce0 method=java.util.HashMap.getNode(ILjava/lang/Object;)Ljava/util/HashMap$Node; @ 126
Event: 7,746 Thread 0x00007f083c001800 Uncommon trap: reason=unstable_if action=reinterpret pc=0x00007f08851f6848 method=java.io.ByteArrayInputStream.read()I @ 8
Event: 8,474 Thread 0x00007f083c001800 Uncommon trap: reason=unstable_if action=reinterpret pc=0x00007f088528f798 method=sun.nio.cs.UTF_8$Decoder.decode([BII[C)I @ 30
Event: 8,474 Thread 0x00007f083c001800 Uncommon trap: reason=class_check action=maybe_recompile pc=0x00007f08852f2264 method=java.lang.Character.toUpperCaseEx(I)I @ 26
Event: 8,474 Thread 0x00007f083c001800 Uncommon trap: reason=class_check action=maybe_recompile pc=0x00007f08851fae58 method=java.lang.Character.toUpperCaseEx(I)I @ 26
Event: 8,474 Thread 0x00007f083c001800 Uncommon trap: reason=class_check action=maybe_recompile pc=0x00007f08851fae58 method=java.lang.Character.toUpperCaseEx(I)I @ 26
Event: 8,474 Thread 0x00007f083c001800 Uncommon trap: reason=class_check action=maybe_recompile pc=0x00007f08851fae58 method=java.lang.Character.toUpperCaseEx(I)I @ 26
Event: 8,475 Thread 0x00007f083c001800 Uncommon trap: reason=class_check action=maybe_recompile pc=0x00007f08852f2264 method=java.lang.Character.toUpperCaseEx(I)I @ 26

Internal exceptions (10 events):
Event: 0,179 Thread 0x00007f089400c800 Exception <a 'java/security/PrivilegedActionException'> (0x00000000d70eb470) thrown at [/HUDSON/workspace/8-2-build-linux-amd64/jdk8u60/4407/hotspot/src/share/vm/prims/jvm.cpp, line 1386]
Event: 0,180 Thread 0x00007f089400c800 Exception <a 'java/security/PrivilegedActionException'> (0x00000000d70edc80) thrown at [/HUDSON/workspace/8-2-build-linux-amd64/jdk8u60/4407/hotspot/src/share/vm/prims/jvm.cpp, line 1386]
Event: 0,180 Thread 0x00007f089400c800 Exception <a 'java/security/PrivilegedActionException'> (0x00000000d70ee078) thrown at [/HUDSON/workspace/8-2-build-linux-amd64/jdk8u60/4407/hotspot/src/share/vm/prims/jvm.cpp, line 1386]
Event: 0,202 Thread 0x00007f089400c800 Exception <a 'java/lang/ClassNotFoundException': com/sun/org/glassfish/hk2/osgiresourcelocator/ServiceLoader> (0x00000000d7143050) thrown at [/HUDSON/workspace/8-2-build-linux-amd64/jdk8u60/4407/hotspot/src/share/vm/classfile/systemDictionary.cpp, line 21
Event: 0,205 Thread 0x00007f089400c800 Exception <a 'java/lang/NullPointerException'> (0x00000000d714b1b0) thrown at [/HUDSON/workspace/8-2-build-linux-amd64/jdk8u60/4407/hotspot/src/share/vm/interpreter/linkResolver.cpp, line 1280]
Event: 4,009 Thread 0x00007f089400c800 Exception <a 'java/lang/NoSuchFieldError': method resolution failed> (0x00000000d761ea58) thrown at [/HUDSON/workspace/8-2-build-linux-amd64/jdk8u60/4407/hotspot/src/share/vm/prims/methodHandles.cpp, line 1146]
Event: 4,017 Thread 0x00007f089400c800 Exception <a 'java/lang/NoSuchFieldError': method resolution failed> (0x00000000d762c1f8) thrown at [/HUDSON/workspace/8-2-build-linux-amd64/jdk8u60/4407/hotspot/src/share/vm/prims/methodHandles.cpp, line 1146]
Event: 4,475 Thread 0x00007f089400c800 Exception <a 'java/lang/reflect/InvocationTargetException'> (0x00000000d7cd2150) thrown at [/HUDSON/workspace/8-2-build-linux-amd64/jdk8u60/4407/hotspot/src/share/vm/runtime/reflection.cpp, line 1092]
Event: 4,603 Thread 0x00007f089400c800 Exception <a 'java/lang/NoClassDefFoundError': org/apache/log4j/Priority> (0x00000000d7e8aae0) thrown at [/HUDSON/workspace/8-2-build-linux-amd64/jdk8u60/4407/hotspot/src/share/vm/classfile/systemDictionary.cpp, line 199]
Event: 13,358 Thread 0x00007f089400c800 Exception <a 'java/lang/NullPointerException'> (0x00000000d71af528) thrown at [/HUDSON/workspace/8-2-build-linux-amd64/jdk8u60/4407/hotspot/src/share/vm/interpreter/linkResolver.cpp, line 1280]

Events (10 events):
Event: 532,105 Executing VM operation: RedefineClasses done
Event: 532,111 Executing VM operation: ChangeBreakpoints
Event: 532,111 Executing VM operation: ChangeBreakpoints done
Event: 532,120 Executing VM operation: ChangeBreakpoints
Event: 532,120 Executing VM operation: ChangeBreakpoints done
Event: 549,376 Thread 0x00007f08940cb000 flushing nmethod 0x00007f08850fdb50
Event: 549,376 Thread 0x00007f08940cb000 flushing nmethod 0x00007f088510e050
Event: 549,376 Thread 0x00007f08940cb000 flushing nmethod 0x00007f088511b290
Event: 688,711 Executing VM operation: RedefineClasses
Event: 688,717 Executing VM operation: RedefineClasses done


Dynamic libraries:
00400000-00401000 r-xp 00000000 08:01 7094032                            /usr/lib/jvm/java-8-oracle/bin/java
00600000-00601000 rw-p 00000000 08:01 7094032                            /usr/lib/jvm/java-8-oracle/bin/java
01857000-01878000 rw-p 00000000 00:00 0                                  [heap]
84a00000-89d00000 rw-p 00000000 00:00 0 
89d00000-d6e00000 ---p 00000000 00:00 0 
d6e00000-d9700000 rw-p 00000000 00:00 0 
d9700000-100000000 ---p 00000000 00:00 0 
100000000-1001a0000 rw-p 00000000 00:00 0 
1001a0000-140000000 ---p 00000000 00:00 0 
7f0828000000-7f0828021000 rw-p 00000000 00:00 0 
7f0828021000-7f082c000000 ---p 00000000 00:00 0 
7f082c000000-7f082c021000 rw-p 00000000 00:00 0 
7f082c021000-7f0830000000 ---p 00000000 00:00 0 
7f0830000000-7f0830077000 rw-p 00000000 00:00 0 
7f0830077000-7f0834000000 ---p 00000000 00:00 0 
7f0834000000-7f083428b000 rw-p 00000000 00:00 0 
7f083428b000-7f0838000000 ---p 00000000 00:00 0 
7f0838000000-7f0838021000 rw-p 00000000 00:00 0 
7f0838021000-7f083c000000 ---p 00000000 00:00 0 
7f083c000000-7f083c056000 rw-p 00000000 00:00 0 
7f083c056000-7f0840000000 ---p 00000000 00:00 0 
7f0840000000-7f08402d3000 rw-p 00000000 00:00 0 
7f08402d3000-7f0844000000 ---p 00000000 00:00 0 
7f0844000000-7f0844021000 rw-p 00000000 00:00 0 
7f0844021000-7f0848000000 ---p 00000000 00:00 0 
7f0848000000-7f084820e000 rw-p 00000000 00:00 0 
7f084820e000-7f084c000000 ---p 00000000 00:00 0 
7f084c000000-7f084c3c6000 rw-p 00000000 00:00 0 
7f084c3c6000-7f0850000000 ---p 00000000 00:00 0 
7f0850000000-7f0850021000 rw-p 00000000 00:00 0 
7f0850021000-7f0854000000 ---p 00000000 00:00 0 
7f0854000000-7f0854021000 rw-p 00000000 00:00 0 
7f0854021000-7f0858000000 ---p 00000000 00:00 0 
7f0858000000-7f0858021000 rw-p 00000000 00:00 0 
7f0858021000-7f085c000000 ---p 00000000 00:00 0 
7f085c000000-7f085c306000 rw-p 00000000 00:00 0 
7f085c306000-7f0860000000 ---p 00000000 00:00 0 
7f0860000000-7f0860021000 rw-p 00000000 00:00 0 
7f0860021000-7f0864000000 ---p 00000000 00:00 0 
7f0864000000-7f0864021000 rw-p 00000000 00:00 0 
7f0864021000-7f0868000000 ---p 00000000 00:00 0 
7f0868000000-7f0868021000 rw-p 00000000 00:00 0 
7f0868021000-7f086c000000 ---p 00000000 00:00 0 
7f086c501000-7f086c681000 rw-p 00000000 00:00 0 
7f086c681000-7f086c701000 ---p 00000000 00:00 0 
7f086c701000-7f086c718000 r-xp 00000000 08:01 6684677                    /lib/x86_64-linux-gnu/libresolv-2.19.so
7f086c718000-7f086c918000 ---p 00017000 08:01 6684677                    /lib/x86_64-linux-gnu/libresolv-2.19.so
7f086c918000-7f086c919000 r--p 00017000 08:01 6684677                    /lib/x86_64-linux-gnu/libresolv-2.19.so
7f086c919000-7f086c91a000 rw-p 00018000 08:01 6684677                    /lib/x86_64-linux-gnu/libresolv-2.19.so
7f086c91a000-7f086c91c000 rw-p 00000000 00:00 0 
7f086c91c000-7f086c921000 r-xp 00000000 08:01 6684701                    /lib/x86_64-linux-gnu/libnss_dns-2.19.so
7f086c921000-7f086cb20000 ---p 00005000 08:01 6684701                    /lib/x86_64-linux-gnu/libnss_dns-2.19.so
7f086cb20000-7f086cb21000 r--p 00004000 08:01 6684701                    /lib/x86_64-linux-gnu/libnss_dns-2.19.so
7f086cb21000-7f086cb22000 rw-p 00005000 08:01 6684701                    /lib/x86_64-linux-gnu/libnss_dns-2.19.so
7f086cb22000-7f086cb24000 r-xp 00000000 08:01 6688828                    /lib/x86_64-linux-gnu/libnss_mdns4_minimal.so.2
7f086cb24000-7f086cd23000 ---p 00002000 08:01 6688828                    /lib/x86_64-linux-gnu/libnss_mdns4_minimal.so.2
7f086cd23000-7f086cd24000 r--p 00001000 08:01 6688828                    /lib/x86_64-linux-gnu/libnss_mdns4_minimal.so.2
7f086cd24000-7f086cd25000 rw-p 00002000 08:01 6688828                    /lib/x86_64-linux-gnu/libnss_mdns4_minimal.so.2
7f086cd25000-7f086cd28000 ---p 00000000 00:00 0 
7f086cd28000-7f086ce26000 rw-p 00000000 00:00 0                          [stack:8035]
7f086ce26000-7f086ce29000 ---p 00000000 00:00 0 
7f086ce29000-7f086cf27000 rw-p 00000000 00:00 0                          [stack:8034]
7f086cf27000-7f086cf2a000 ---p 00000000 00:00 0 
7f086cf2a000-7f086d028000 rw-p 00000000 00:00 0                          [stack:8033]
7f086d028000-7f086d02b000 ---p 00000000 00:00 0 
7f086d02b000-7f086d129000 rw-p 00000000 00:00 0                          [stack:8032]
7f086d129000-7f086d12c000 ---p 00000000 00:00 0 
7f086d12c000-7f086d22a000 rw-p 00000000 00:00 0                          [stack:8031]
7f086d22a000-7f086d23b000 r-xp 00000000 08:01 2234977                    /usr/lib/jvm/java-8-oracle/jre/lib/amd64/libnio.so
7f086d23b000-7f086d43a000 ---p 00011000 08:01 2234977                    /usr/lib/jvm/java-8-oracle/jre/lib/amd64/libnio.so
7f086d43a000-7f086d43b000 rw-p 00010000 08:01 2234977                    /usr/lib/jvm/java-8-oracle/jre/lib/amd64/libnio.so
7f086d43b000-7f086d451000 r-xp 00000000 08:01 2234939                    /usr/lib/jvm/java-8-oracle/jre/lib/amd64/libnet.so
7f086d451000-7f086d651000 ---p 00016000 08:01 2234939                    /usr/lib/jvm/java-8-oracle/jre/lib/amd64/libnet.so
7f086d651000-7f086d652000 rw-p 00016000 08:01 2234939                    /usr/lib/jvm/java-8-oracle/jre/lib/amd64/libnet.so
7f086d652000-7f086d852000 rw-p 00000000 00:00 0 
7f086d852000-7f086d868000 r-xp 00000000 08:01 6688774                    /lib/x86_64-linux-gnu/libgcc_s.so.1
7f086d868000-7f086da67000 ---p 00016000 08:01 6688774                    /lib/x86_64-linux-gnu/libgcc_s.so.1
7f086da67000-7f086da68000 rw-p 00015000 08:01 6688774                    /lib/x86_64-linux-gnu/libgcc_s.so.1
7f086da80000-7f086dab2000 r-xp 00000000 08:01 2234938                    /usr/lib/jvm/java-8-oracle/jre/lib/amd64/libsunec.so
7f086dab2000-7f086dcb1000 ---p 00032000 08:01 2234938                    /usr/lib/jvm/java-8-oracle/jre/lib/amd64/libsunec.so
7f086dcb1000-7f086dcb7000 rw-p 00031000 08:01 2234938                    /usr/lib/jvm/java-8-oracle/jre/lib/amd64/libsunec.so
7f086dcb7000-7f086dcc7000 rw-p 00000000 00:00 0 
7f086dcc7000-7f086dce3000 r--s 00393000 08:01 811641                     /usr/lib/jvm/java-8-oracle/jre/lib/ext/cldrdata.jar
7f086dce3000-7f086dce4000 ---p 00000000 00:00 0 
7f086dce4000-7f086dde4000 rw-p 00000000 00:00 0                          [stack:8019]
7f086dde4000-7f086dde7000 ---p 00000000 00:00 0 
7f086dde7000-7f086dee5000 rw-p 00000000 00:00 0                          [stack:8018]
7f086dee5000-7f086dee8000 ---p 00000000 00:00 0 
7f086dee8000-7f086dfe6000 rw-p 00000000 00:00 0                          [stack:8017]
7f086dfe6000-7f086dfe9000 ---p 00000000 00:00 0 
7f086dfe9000-7f086e0e7000 rw-p 00000000 00:00 0                          [stack:8016]
7f086e0e7000-7f086e0ea000 ---p 00000000 00:00 0 
7f086e0ea000-7f086e1e8000 rw-p 00000000 00:00 0                          [stack:8015]
7f086e1e8000-7f086e1eb000 ---p 00000000 00:00 0 
7f086e1eb000-7f086e2e9000 rw-p 00000000 00:00 0                          [stack:8012]
7f086e2e9000-7f086e2ec000 ---p 00000000 00:00 0 
7f086e2ec000-7f086e3ea000 rw-p 00000000 00:00 0                          [stack:8011]
7f086e3ea000-7f086e3ed000 ---p 00000000 00:00 0 
7f086e3ed000-7f086e4eb000 rw-p 00000000 00:00 0                          [stack:8008]
7f086e4eb000-7f086e4ef000 r-xp 00000000 08:01 2234960                    /usr/lib/jvm/java-8-oracle/jre/lib/amd64/libdt_socket.so
7f086e4ef000-7f086e6ee000 ---p 00004000 08:01 2234960                    /usr/lib/jvm/java-8-oracle/jre/lib/amd64/libdt_socket.so
7f086e6ee000-7f086e6ef000 rw-p 00003000 08:01 2234960                    /usr/lib/jvm/java-8-oracle/jre/lib/amd64/libdt_socket.so
7f086e6ef000-7f086e6f2000 ---p 00000000 00:00 0 
7f086e6f2000-7f086e7f0000 rw-p 00000000 00:00 0                          [stack:8006]
7f086e7f0000-7f086e7f3000 ---p 00000000 00:00 0 
7f086e7f3000-7f086e8f1000 rw-p 00000000 00:00 0                          [stack:8004]
7f086e8f1000-7f086e8f4000 ---p 00000000 00:00 0 
7f086e8f4000-7f086e9f2000 rw-p 00000000 00:00 0                          [stack:8003]
7f086e9f2000-7f086e9f3000 ---p 00000000 00:00 0 
7f086e9f3000-7f0870000000 rw-p 00000000 00:00 0                          [stack:8002]
7f0870000000-7f0870021000 rw-p 00000000 00:00 0 
7f0870021000-7f0874000000 ---p 00000000 00:00 0 
7f0874000000-7f0874021000 rw-p 00000000 00:00 0 
7f0874021000-7f0878000000 ---p 00000000 00:00 0 
7f0878000000-7f0878021000 rw-p 00000000 00:00 0 
7f0878021000-7f087c000000 ---p 00000000 00:00 0 
7f087c002000-7f087c003000 rw-p 00000000 00:00 0 
7f087c003000-7f087c009000 r--s 0003f000 08:01 811637                     /usr/lib/jvm/java-8-oracle/jre/lib/ext/sunjce_provider.jar
7f087c009000-7f087c01c000 r--s 00344000 08:01 669469                     /usr/lib/jvm/java-8-oracle/jre/lib/resources.jar
7f087c01c000-7f087c026000 r--s 00116000 08:01 811513                     /usr/lib/jvm/java-8-oracle/jre/lib/ext/localedata.jar
7f087c026000-7f087c02d000 r--s 00047000 08:01 6555923                    /home/wallace/.m2/repository/org/apache/httpcomponents/httpcore-nio/4.3.2/httpcore-nio-4.3.2.jar
7f087c02d000-7f0880000000 rw-p 00000000 00:00 0 
7f0880000000-7f0880021000 rw-p 00000000 00:00 0 
7f0880021000-7f0884000000 ---p 00000000 00:00 0 
7f0884000000-7f0884003000 r--s 0001a000 08:01 669465                     /usr/lib/jvm/java-8-oracle/jre/lib/jce.jar
7f0884003000-7f0884066000 rw-p 00000000 00:00 0 
7f0884066000-7f088423e000 r--s 03d17000 08:01 669482                     /usr/lib/jvm/java-8-oracle/jre/lib/rt.jar
7f088423e000-7f088468f000 rw-p 00000000 00:00 0 
7f088468f000-7f0884690000 ---p 00000000 00:00 0 
7f0884690000-7f0884790000 rw-p 00000000 00:00 0                          [stack:8001]
7f0884790000-7f0884791000 ---p 00000000 00:00 0 
7f0884791000-7f0884891000 rw-p 00000000 00:00 0                          [stack:8000]
7f0884891000-7f0884892000 ---p 00000000 00:00 0 
7f0884892000-7f08849bc000 rw-p 00000000 00:00 0                          [stack:7999]
7f08849bc000-7f0884c24000 ---p 00000000 00:00 0 
7f0884c24000-7f0884c4e000 rw-p 00000000 00:00 0 
7f0884c4e000-7f0884eb6000 ---p 00000000 00:00 0 
7f0884eb6000-7f0884ecb000 rw-p 00000000 00:00 0 
7f0884ecb000-7f0884fff000 ---p 00000000 00:00 0 
7f0884fff000-7f0885000000 rw-p 00000000 00:00 0 
7f0885000000-7f0885350000 rwxp 00000000 00:00 0 
7f0885350000-7f0894000000 ---p 00000000 00:00 0 
7f0894000000-7f0894464000 rw-p 00000000 00:00 0 
7f0894464000-7f0898000000 ---p 00000000 00:00 0 
7f0898000000-7f0898004000 r--s 00095000 08:01 669467                     /usr/lib/jvm/java-8-oracle/jre/lib/jsse.jar
7f0898004000-7f089800b000 r--s 0003a000 08:01 6692350                    /home/wallace/.m2/repository/commons-codec/commons-codec/1.9/commons-codec-1.9.jar
7f089800b000-7f089805a000 rw-p 00000000 00:00 0 
7f089805a000-7f089805b000 ---p 00000000 00:00 0 
7f089805b000-7f0898169000 rw-p 00000000 00:00 0                          [stack:7998]
7f0898169000-7f089851b000 ---p 00000000 00:00 0 
7f089851b000-7f0898535000 r-xp 00000000 08:01 2234937                    /usr/lib/jvm/java-8-oracle/jre/lib/amd64/libzip.so
7f0898535000-7f0898735000 ---p 0001a000 08:01 2234937                    /usr/lib/jvm/java-8-oracle/jre/lib/amd64/libzip.so
7f0898735000-7f0898736000 rw-p 0001a000 08:01 2234937                    /usr/lib/jvm/java-8-oracle/jre/lib/amd64/libzip.so
7f0898736000-7f0898741000 r-xp 00000000 08:01 6684691                    /lib/x86_64-linux-gnu/libnss_files-2.19.so
7f0898741000-7f0898940000 ---p 0000b000 08:01 6684691                    /lib/x86_64-linux-gnu/libnss_files-2.19.so
7f0898940000-7f0898941000 r--p 0000a000 08:01 6684691                    /lib/x86_64-linux-gnu/libnss_files-2.19.so
7f0898941000-7f0898942000 rw-p 0000b000 08:01 6684691                    /lib/x86_64-linux-gnu/libnss_files-2.19.so
7f0898942000-7f089894d000 r-xp 00000000 08:01 6688673                    /lib/x86_64-linux-gnu/libnss_nis-2.19.so
7f089894d000-7f0898b4c000 ---p 0000b000 08:01 6688673                    /lib/x86_64-linux-gnu/libnss_nis-2.19.so
7f0898b4c000-7f0898b4d000 r--p 0000a000 08:01 6688673                    /lib/x86_64-linux-gnu/libnss_nis-2.19.so
7f0898b4d000-7f0898b4e000 rw-p 0000b000 08:01 6688673                    /lib/x86_64-linux-gnu/libnss_nis-2.19.so
7f0898b4e000-7f0898b65000 r-xp 00000000 08:01 6684766                    /lib/x86_64-linux-gnu/libnsl-2.19.so
7f0898b65000-7f0898d64000 ---p 00017000 08:01 6684766                    /lib/x86_64-linux-gnu/libnsl-2.19.so
7f0898d64000-7f0898d65000 r--p 00016000 08:01 6684766                    /lib/x86_64-linux-gnu/libnsl-2.19.so
7f0898d65000-7f0898d66000 rw-p 00017000 08:01 6684766                    /lib/x86_64-linux-gnu/libnsl-2.19.so
7f0898d66000-7f0898d68000 rw-p 00000000 00:00 0 
7f0898d68000-7f0898d71000 r-xp 00000000 08:01 6684765                    /lib/x86_64-linux-gnu/libnss_compat-2.19.so
7f0898d71000-7f0898f70000 ---p 00009000 08:01 6684765                    /lib/x86_64-linux-gnu/libnss_compat-2.19.so
7f0898f70000-7f0898f71000 r--p 00008000 08:01 6684765                    /lib/x86_64-linux-gnu/libnss_compat-2.19.so
7f0898f71000-7f0898f72000 rw-p 00009000 08:01 6684765                    /lib/x86_64-linux-gnu/libnss_compat-2.19.so
7f0898f72000-7f0899656000 r--p 00000000 08:01 6953771                    /usr/lib/locale/locale-archive
7f0899656000-7f0899658000 r-xp 00000000 08:01 2234965                    /usr/lib/jvm/java-8-oracle/jre/lib/amd64/libnpt.so
7f0899658000-7f0899858000 ---p 00002000 08:01 2234965                    /usr/lib/jvm/java-8-oracle/jre/lib/amd64/libnpt.so
7f0899858000-7f0899859000 rw-p 00002000 08:01 2234965                    /usr/lib/jvm/java-8-oracle/jre/lib/amd64/libnpt.so
7f0899859000-7f0899892000 r-xp 00000000 08:01 2234953                    /usr/lib/jvm/java-8-oracle/jre/lib/amd64/libjdwp.so
7f0899892000-7f0899a91000 ---p 00039000 08:01 2234953                    /usr/lib/jvm/java-8-oracle/jre/lib/amd64/libjdwp.so
7f0899a91000-7f0899a93000 rw-p 00038000 08:01 2234953                    /usr/lib/jvm/java-8-oracle/jre/lib/amd64/libjdwp.so
7f0899a93000-7f0899abd000 r-xp 00000000 08:01 2234964                    /usr/lib/jvm/java-8-oracle/jre/lib/amd64/libjava.so
7f0899abd000-7f0899cbd000 ---p 0002a000 08:01 2234964                    /usr/lib/jvm/java-8-oracle/jre/lib/amd64/libjava.so
7f0899cbd000-7f0899cbf000 rw-p 0002a000 08:01 2234964                    /usr/lib/jvm/java-8-oracle/jre/lib/amd64/libjava.so
7f0899cbf000-7f0899ccc000 r-xp 00000000 08:01 2234933                    /usr/lib/jvm/java-8-oracle/jre/lib/amd64/libverify.so
7f0899ccc000-7f0899ecc000 ---p 0000d000 08:01 2234933                    /usr/lib/jvm/java-8-oracle/jre/lib/amd64/libverify.so
7f0899ecc000-7f0899ece000 rw-p 0000d000 08:01 2234933                    /usr/lib/jvm/java-8-oracle/jre/lib/amd64/libverify.so
7f0899ece000-7f0899ed5000 r-xp 00000000 08:01 6684774                    /lib/x86_64-linux-gnu/librt-2.19.so
7f0899ed5000-7f089a0d4000 ---p 00007000 08:01 6684774                    /lib/x86_64-linux-gnu/librt-2.19.so
7f089a0d4000-7f089a0d5000 r--p 00006000 08:01 6684774                    /lib/x86_64-linux-gnu/librt-2.19.so
7f089a0d5000-7f089a0d6000 rw-p 00007000 08:01 6684774                    /lib/x86_64-linux-gnu/librt-2.19.so
7f089a0d6000-7f089a1db000 r-xp 00000000 08:01 6684687                    /lib/x86_64-linux-gnu/libm-2.19.so
7f089a1db000-7f089a3da000 ---p 00105000 08:01 6684687                    /lib/x86_64-linux-gnu/libm-2.19.so
7f089a3da000-7f089a3db000 r--p 00104000 08:01 6684687                    /lib/x86_64-linux-gnu/libm-2.19.so
7f089a3db000-7f089a3dc000 rw-p 00105000 08:01 6684687                    /lib/x86_64-linux-gnu/libm-2.19.so
7f089a3dc000-7f089b09a000 r-xp 00000000 08:01 2234950                    /usr/lib/jvm/java-8-oracle/jre/lib/amd64/server/libjvm.so
7f089b09a000-7f089b299000 ---p 00cbe000 08:01 2234950                    /usr/lib/jvm/java-8-oracle/jre/lib/amd64/server/libjvm.so
7f089b299000-7f089b371000 rw-p 00cbd000 08:01 2234950                    /usr/lib/jvm/java-8-oracle/jre/lib/amd64/server/libjvm.so
7f089b371000-7f089b3b6000 rw-p 00000000 00:00 0 
7f089b3b6000-7f089b571000 r-xp 00000000 08:01 6684771                    /lib/x86_64-linux-gnu/libc-2.19.so
7f089b571000-7f089b770000 ---p 001bb000 08:01 6684771                    /lib/x86_64-linux-gnu/libc-2.19.so
7f089b770000-7f089b774000 r--p 001ba000 08:01 6684771                    /lib/x86_64-linux-gnu/libc-2.19.so
7f089b774000-7f089b776000 rw-p 001be000 08:01 6684771                    /lib/x86_64-linux-gnu/libc-2.19.so
7f089b776000-7f089b77b000 rw-p 00000000 00:00 0 
7f089b77b000-7f089b77e000 r-xp 00000000 08:01 6684702                    /lib/x86_64-linux-gnu/libdl-2.19.so
7f089b77e000-7f089b97d000 ---p 00003000 08:01 6684702                    /lib/x86_64-linux-gnu/libdl-2.19.so
7f089b97d000-7f089b97e000 r--p 00002000 08:01 6684702                    /lib/x86_64-linux-gnu/libdl-2.19.so
7f089b97e000-7f089b97f000 rw-p 00003000 08:01 6684702                    /lib/x86_64-linux-gnu/libdl-2.19.so
7f089b97f000-7f089b994000 r-xp 00000000 08:01 662194                     /usr/lib/jvm/java-8-oracle/lib/amd64/jli/libjli.so
7f089b994000-7f089bb94000 ---p 00015000 08:01 662194                     /usr/lib/jvm/java-8-oracle/lib/amd64/jli/libjli.so
7f089bb94000-7f089bb95000 rw-p 00015000 08:01 662194                     /usr/lib/jvm/java-8-oracle/lib/amd64/jli/libjli.so
7f089bb95000-7f089bbae000 r-xp 00000000 08:01 6684772                    /lib/x86_64-linux-gnu/libpthread-2.19.so
7f089bbae000-7f089bdad000 ---p 00019000 08:01 6684772                    /lib/x86_64-linux-gnu/libpthread-2.19.so
7f089bdad000-7f089bdae000 r--p 00018000 08:01 6684772                    /lib/x86_64-linux-gnu/libpthread-2.19.so
7f089bdae000-7f089bdaf000 rw-p 00019000 08:01 6684772                    /lib/x86_64-linux-gnu/libpthread-2.19.so
7f089bdaf000-7f089bdb3000 rw-p 00000000 00:00 0 
7f089bdb3000-7f089bdd6000 r-xp 00000000 08:01 6684768                    /lib/x86_64-linux-gnu/ld-2.19.so
7f089bdd6000-7f089bdd8000 rw-p 00000000 00:00 0 
7f089bdd8000-7f089bddc000 r--s 00023000 08:01 6555921                    /home/wallace/.m2/repository/org/apache/httpcomponents/httpasyncclient/4.0.2/httpasyncclient-4.0.2.jar
7f089bddc000-7f089bdde000 r--s 0000e000 08:01 6692348                    /home/wallace/.m2/repository/commons-logging/commons-logging/1.2/commons-logging-1.2.jar
7f089bdde000-7f089bdeb000 r--s 000a3000 08:01 6562300                    /home/wallace/.m2/repository/org/apache/httpcomponents/httpclient/4.4/httpclient-4.4.jar
7f089bdeb000-7f089beb6000 rw-p 00000000 00:00 0 
7f089beb6000-7f089beb9000 ---p 00000000 00:00 0 
7f089beb9000-7f089bfbb000 rw-p 00000000 00:00 0                          [stack:7992]
7f089bfbb000-7f089bfbc000 r--s 00009000 08:01 811634                     /usr/lib/jvm/java-8-oracle/jre/lib/ext/sunec.jar
7f089bfbc000-7f089bfc3000 r--s 00048000 08:01 6562296                    /home/wallace/.m2/repository/org/apache/httpcomponents/httpcore/4.4/httpcore-4.4.jar
7f089bfc3000-7f089bfc4000 r--s 00004000 08:01 7210853                    /home/wallace/.m2/repository/org/jboss/spec/javax/annotation/jboss-annotations-api_1.2_spec/1.0.0.Final/jboss-annotations-api_1.2_spec-1.0.0.Final.jar
7f089bfc4000-7f089bfc5000 r--s 00000000 08:01 7096000                    /home/wallace/.m2/repository/javax/inject/javax.inject/1/javax.inject-1.jar
7f089bfc5000-7f089bfc9000 r--s 0000e000 08:01 6695123                    /home/wallace/.m2/repository/javax/enterprise/cdi-api/1.1/cdi-api-1.1.jar
7f089bfc9000-7f089bfd1000 rw-s 00000000 08:01 1455707                    /tmp/hsperfdata_wallace/7990
7f089bfd1000-7f089bfd2000 rw-p 00000000 00:00 0 
7f089bfd2000-7f089bfd3000 r--p 00000000 00:00 0 
7f089bfd3000-7f089bfd5000 rw-p 00000000 00:00 0 
7f089bfd5000-7f089bfd6000 r--p 00022000 08:01 6684768                    /lib/x86_64-linux-gnu/ld-2.19.so
7f089bfd6000-7f089bfd7000 rw-p 00023000 08:01 6684768                    /lib/x86_64-linux-gnu/ld-2.19.so
7f089bfd7000-7f089bfd8000 rw-p 00000000 00:00 0 
7ffc2688f000-7ffc268b0000 rw-p 00000000 00:00 0                          [stack]
7ffc269a8000-7ffc269aa000 r-xp 00000000 00:00 0                          [vdso]
7ffc269aa000-7ffc269ac000 r--p 00000000 00:00 0                          [vvar]
ffffffffff600000-ffffffffff601000 r-xp 00000000 00:00 0                  [vsyscall]

VM Arguments:
jvm_args: -agentlib:jdwp=transport=dt_socket,suspend=y,address=localhost:47953 -Dfile.encoding=UTF-8 
java_command: br.com.gateway.elavon.facade.ElavonFacade
java_class_path (initial): /home/wallace/projetos/gateway-templateJEE7/plugin-elavon/target/classes:/home/wallace/.m2/repository/javax/enterprise/cdi-api/1.1/cdi-api-1.1.jar:/home/wallace/.m2/repository/javax/inject/javax.inject/1/javax.inject-1.jar:/home/wallace/.m2/repository/org/jboss/spec/javax/annotation/jboss-annotations-api_1.2_spec/1.0.0.Final/jboss-annotations-api_1.2_spec-1.0.0.Final.jar:/home/wallace/.m2/repository/org/apache/httpcomponents/httpcore/4.4/httpcore-4.4.jar:/home/wallace/.m2/repository/org/apache/httpcomponents/httpclient/4.4/httpclient-4.4.jar:/home/wallace/.m2/repository/commons-logging/commons-logging/1.2/commons-logging-1.2.jar:/home/wallace/.m2/repository/commons-codec/commons-codec/1.9/commons-codec-1.9.jar:/home/wallace/.m2/repository/org/apache/httpcomponents/httpasyncclient/4.0.2/httpasyncclient-4.0.2.jar:/home/wallace/.m2/repository/org/apache/httpcomponents/httpcore-nio/4.3.2/httpcore-nio-4.3.2.jar:/home/wallace/projetos/gateway-templateJEE7/gateway-core/target/classes
Launcher Type: SUN_STANDARD

Environment Variables:
PATH=/usr/local/sbin:/usr/local/bin:/usr/sbin:/usr/bin:/sbin:/bin:/usr/games:/usr/local/games
SHELL=/bin/bash
DISPLAY=:0.0

Signal Handlers:
SIGSEGV: [libjvm.so+0xaba070], sa_mask[0]=11111111011111111101111111111110, sa_flags=SA_RESTART|SA_SIGINFO
SIGBUS: [libjvm.so+0xaba070], sa_mask[0]=11111111011111111101111111111110, sa_flags=SA_RESTART|SA_SIGINFO
SIGFPE: [libjvm.so+0x917630], sa_mask[0]=11111111011111111101111111111110, sa_flags=SA_RESTART|SA_SIGINFO
SIGPIPE: [libjvm.so+0x917630], sa_mask[0]=11111111011111111101111111111110, sa_flags=SA_RESTART|SA_SIGINFO
SIGXFSZ: [libjvm.so+0x917630], sa_mask[0]=11111111011111111101111111111110, sa_flags=SA_RESTART|SA_SIGINFO
SIGILL: [libjvm.so+0x917630], sa_mask[0]=11111111011111111101111111111110, sa_flags=SA_RESTART|SA_SIGINFO
SIGUSR1: SIG_DFL, sa_mask[0]=00000000000000000000000000000000, sa_flags=none
SIGUSR2: [libjvm.so+0x918c60], sa_mask[0]=00100000000000000000000000000000, sa_flags=SA_RESTART|SA_SIGINFO
SIGHUP: [libjvm.so+0x91a060], sa_mask[0]=11111111011111111101111111111110, sa_flags=SA_RESTART|SA_SIGINFO
SIGINT: [libjvm.so+0x91a060], sa_mask[0]=11111111011111111101111111111110, sa_flags=SA_RESTART|SA_SIGINFO
SIGTERM: [libjvm.so+0x91a060], sa_mask[0]=11111111011111111101111111111110, sa_flags=SA_RESTART|SA_SIGINFO
SIGQUIT: [libjvm.so+0x91a060], sa_mask[0]=11111111011111111101111111111110, sa_flags=SA_RESTART|SA_SIGINFO


---------------  S Y S T E M  ---------------

OS:DISTRIB_ID=Ubuntu
DISTRIB_RELEASE=14.04
DISTRIB_CODENAME=trusty
DISTRIB_DESCRIPTION="Ubuntu 14.04.3 LTS"

uname:Linux 3.16.0-48-generic #64~14.04.1-Ubuntu SMP Thu Aug 20 23:03:57 UTC 2015 x86_64
libc:glibc 2.19 NPTL 2.19 
rlimit: STACK 8192k, CORE 0k, NPROC 31479, NOFILE 4096, AS infinity
load average:0,20 0,22 0,26

/proc/meminfo:
MemTotal:        8080076 kB
MemFree:         3441524 kB
MemAvailable:    4335160 kB
Buffers:          108152 kB
Cached:          1554600 kB
SwapCached:          188 kB
Active:          3474964 kB
Inactive:         925276 kB
Active(anon):    2905156 kB
Inactive(anon):   466304 kB
Active(file):     569808 kB
Inactive(file):   458972 kB
Unevictable:          32 kB
Mlocked:              32 kB
SwapTotal:       8290300 kB
SwapFree:        8187828 kB
Dirty:                32 kB
Writeback:             0 kB
AnonPages:       2737664 kB
Mapped:           631188 kB
Shmem:            633976 kB
Slab:             101720 kB
SReclaimable:      67584 kB
SUnreclaim:        34136 kB
KernelStack:        9968 kB
PageTables:        42728 kB
NFS_Unstable:          0 kB
Bounce:                0 kB
WritebackTmp:          0 kB
CommitLimit:    12330336 kB
Committed_AS:    8116604 kB
VmallocTotal:   34359738367 kB
VmallocUsed:      361784 kB
VmallocChunk:   34359330584 kB
HardwareCorrupted:     0 kB
AnonHugePages:   1257472 kB
HugePages_Total:       0
HugePages_Free:        0
HugePages_Rsvd:        0
HugePages_Surp:        0
Hugepagesize:       2048 kB
DirectMap4k:       69412 kB
DirectMap2M:     1931264 kB
DirectMap1G:     6291456 kB


CPU:total 4 (2 cores per cpu, 2 threads per core) family 6 model 69 stepping 1, cmov, cx8, fxsr, mmx, sse, sse2, sse3, ssse3, sse4.1, sse4.2, popcnt, avx, avx2, aes, clmul, erms, lzcnt, ht, tsc, tscinvbit, bmi1, bmi2

/proc/cpuinfo:
processor	: 0
vendor_id	: GenuineIntel
cpu family	: 6
model		: 69
model name	: Intel(R) Core(TM) i5-4200U CPU @ 1.60GHz
stepping	: 1
microcode	: 0x16
cpu MHz		: 2300.000
cache size	: 3072 KB
physical id	: 0
siblings	: 4
core id		: 0
cpu cores	: 2
apicid		: 0
initial apicid	: 0
fpu		: yes
fpu_exception	: yes
cpuid level	: 13
wp		: yes
flags		: fpu vme de pse tsc msr pae mce cx8 apic sep mtrr pge mca cmov pat pse36 clflush dts acpi mmx fxsr sse sse2 ss ht tm pbe syscall nx pdpe1gb rdtscp lm constant_tsc arch_perfmon pebs bts rep_good nopl xtopology nonstop_tsc aperfmperf eagerfpu pni pclmulqdq dtes64 monitor ds_cpl vmx est tm2 ssse3 fma cx16 xtpr pdcm pcid sse4_1 sse4_2 movbe popcnt tsc_deadline_timer aes xsave avx f16c rdrand lahf_lm abm ida arat epb xsaveopt pln pts dtherm tpr_shadow vnmi flexpriority ept vpid fsgsbase tsc_adjust bmi1 avx2 smep bmi2 erms invpcid
bogomips	: 4589.31
clflush size	: 64
cache_alignment	: 64
address sizes	: 39 bits physical, 48 bits virtual
power management:

processor	: 1
vendor_id	: GenuineIntel
cpu family	: 6
model		: 69
model name	: Intel(R) Core(TM) i5-4200U CPU @ 1.60GHz
stepping	: 1
microcode	: 0x16
cpu MHz		: 2302.875
cache size	: 3072 KB
physical id	: 0
siblings	: 4
core id		: 1
cpu cores	: 2
apicid		: 2
initial apicid	: 2
fpu		: yes
fpu_exception	: yes
cpuid level	: 13
wp		: yes
flags		: fpu vme de pse tsc msr pae mce cx8 apic sep mtrr pge mca cmov pat pse36 clflush dts acpi mmx fxsr sse sse2 ss ht tm pbe syscall nx pdpe1gb rdtscp lm constant_tsc arch_perfmon pebs bts rep_good nopl xtopology nonstop_tsc aperfmperf eagerfpu pni pclmulqdq dtes64 monitor ds_cpl vmx est tm2 ssse3 fma cx16 xtpr pdcm pcid sse4_1 sse4_2 movbe popcnt tsc_deadline_timer aes xsave avx f16c rdrand lahf_lm abm ida arat epb xsaveopt pln pts dtherm tpr_shadow vnmi flexpriority ept vpid fsgsbase tsc_adjust bmi1 avx2 smep bmi2 erms invpcid
bogomips	: 4589.31
clflush size	: 64
cache_alignment	: 64
address sizes	: 39 bits physical, 48 bits virtual
power management:

processor	: 2
vendor_id	: GenuineIntel
cpu family	: 6
model		: 69
model name	: Intel(R) Core(TM) i5-4200U CPU @ 1.60GHz
stepping	: 1
microcode	: 0x16
cpu MHz		: 1702.179
cache size	: 3072 KB
physical id	: 0
siblings	: 4
core id		: 0
cpu cores	: 2
apicid		: 1
initial apicid	: 1
fpu		: yes
fpu_exception	: yes
cpuid level	: 13
wp		: yes
flags		: fpu vme de pse tsc msr pae mce cx8 apic sep mtrr pge mca cmov pat pse36 clflush dts acpi mmx fxsr sse sse2 ss ht tm pbe syscall nx pdpe1gb rdtscp lm constant_tsc arch_perfmon pebs bts rep_good nopl xtopology nonstop_tsc aperfmperf eagerfpu pni pclmulqdq dtes64 monitor ds_cpl vmx est tm2 ssse3 fma cx16 xtpr pdcm pcid sse4_1 sse4_2 movbe popcnt tsc_deadline_timer aes xsave avx f16c rdrand lahf_lm abm ida arat epb xsaveopt pln pts dtherm tpr_shadow vnmi flexpriority ept vpid fsgsbase tsc_adjust bmi1 avx2 smep bmi2 erms invpcid
bogomips	: 4589.31
clflush size	: 64
cache_alignment	: 64
address sizes	: 39 bits physical, 48 bits virtual
power management:

processor	: 3
vendor_id	: GenuineIntel
cpu family	: 6
model		: 69
model name	: Intel(R) Core(TM) i5-4200U CPU @ 1.60GHz
stepping	: 1
microcode	: 0x16
cpu MHz		: 2337.464
cache size	: 3072 KB
physical id	: 0
siblings	: 4
core id		: 1
cpu cores	: 2
apicid		: 3
initial apicid	: 3
fpu		: yes
fpu_exception	: yes
cpuid level	: 13
wp		: yes
flags		: fpu vme de pse tsc msr pae mce cx8 apic sep mtrr pge mca cmov pat pse36 clflush dts acpi mmx fxsr sse sse2 ss ht tm pbe syscall nx pdpe1gb rdtscp lm constant_tsc arch_perfmon pebs bts rep_good nopl xtopology nonstop_tsc aperfmperf eagerfpu pni pclmulqdq dtes64 monitor ds_cpl vmx est tm2 ssse3 fma cx16 xtpr pdcm pcid sse4_1 sse4_2 movbe popcnt tsc_deadline_timer aes xsave avx f16c rdrand lahf_lm abm ida arat epb xsaveopt pln pts dtherm tpr_shadow vnmi flexpriority ept vpid fsgsbase tsc_adjust bmi1 avx2 smep bmi2 erms invpcid
bogomips	: 4589.31
clflush size	: 64
cache_alignment	: 64
address sizes	: 39 bits physical, 48 bits virtual
power management:



Memory: 4k page, physical 8080076k(3441524k free), swap 8290300k(8187828k free)

vm_info: Java HotSpot(TM) 64-Bit Server VM (25.60-b23) for linux-amd64 JRE (1.8.0_60-b27), built on Aug  4 2015 12:19:40 by "java_re" with gcc 4.3.0 20080428 (Red Hat 4.3.0-8)

time: Wed Sep  9 01:33:17 2015
elapsed time: 688 seconds (0d 0h 11m 28s)

